\\mac\home\documents\gamecastlevania\debug\gamecastlevania.exe
\\mac\home\documents\gamecastlevania\debug\gamecastlevania.ilk
\\mac\home\documents\gamecastlevania\debug\gamecastlevania.pdb
\\mac\home\documents\gamecastlevania\gamecastlevania\debug\vc141.pdb
\\mac\home\documents\gamecastlevania\gamecastlevania\debug\vc141.idb
\\mac\home\documents\gamecastlevania\gamecastlevania\debug\winmain.obj
\\mac\home\documents\gamecastlevania\gamecastlevania\debug\windowgame.obj
\\mac\home\documents\gamecastlevania\gamecastlevania\debug\tilemap.obj
\\mac\home\documents\gamecastlevania\gamecastlevania\debug\spritemanager.obj
\\mac\home\documents\gamecastlevania\gamecastlevania\debug\sprite.obj
\\mac\home\documents\gamecastlevania\gamecastlevania\debug\rect.obj
\\mac\home\documents\gamecastlevania\gamecastlevania\debug\player.obj
\\mac\home\documents\gamecastlevania\gamecastlevania\debug\physicsoject.obj
\\mac\home\documents\gamecastlevania\gamecastlevania\debug\movablerect.obj
\\mac\home\documents\gamecastlevania\gamecastlevania\debug\key.obj
\\mac\home\documents\gamecastlevania\gamecastlevania\debug\gameutils.obj
\\mac\home\documents\gamecastlevania\gamecastlevania\debug\gametime.obj
\\mac\home\documents\gamecastlevania\gamecastlevania\debug\gametexture.obj
\\mac\home\documents\gamecastlevania\gamecastlevania\debug\gamedirectx.obj
\\mac\home\documents\gamecastlevania\gamecastlevania\debug\gameconfiguration.obj
\\mac\home\documents\gamecastlevania\gamecastlevania\debug\game.obj
\\mac\home\documents\gamecastlevania\gamecastlevania\debug\collision.obj
\\mac\home\documents\gamecastlevania\gamecastlevania\debug\camera.obj
\\mac\home\documents\gamecastlevania\gamecastlevania\debug\baseobject.obj
\\mac\home\documents\gamecastlevania\gamecastlevania\debug\animation.obj
\\mac\home\documents\gamecastlevania\gamecastlevania\debug\zombie.obj
\\mac\home\documents\gamecastlevania\gamecastlevania\debug\world.obj
\\mac\home\documents\gamecastlevania\gamecastlevania\debug\main.obj
\\mac\home\documents\gamecastlevania\gamecastlevania\debug\gamecastlevania.tlog\link.read.1.tlog
\\mac\home\documents\gamecastlevania\gamecastlevania\debug\gamecastlevania.tlog\link.command.1.tlog
\\mac\home\documents\gamecastlevania\gamecastlevania\debug\gamecastlevania.tlog\link.write.1.tlog
\\mac\home\documents\gamecastlevania\gamecastlevania\debug\gamecastlevania.tlog\cl.read.1.tlog
\\mac\home\documents\gamecastlevania\gamecastlevania\debug\gamecastlevania.tlog\cl.command.1.tlog
\\mac\home\documents\gamecastlevania\gamecastlevania\debug\gamecastlevania.tlog\cl.write.1.tlog
